accountsservice					install
acpi						install
acpi-support					install
acpid						install
acpitool					install
adduser						install
apparmor					install
apport						install
apport-symptoms					install
apt						install
apt-transport-https				install
apt-utils					install
apt-xapian-index				install
aptitude					install
aptitude-common					install
at						install
augeas-lenses					install
base-files					install
base-passwd					install
bash						install
bash-completion					install
bc						install
bind9-host					install
biosdevname					install
bridge-utils					install
bsdmainutils					install
bsdutils					install
btrfs-tools					install
busybox-initramfs				install
busybox-static					install
byobu						install
bzip2						install
ca-certificates					install
cgroup-lite					install
cloud-utils					install
command-not-found				install
command-not-found-data				install
console-setup					install
consolekit					install
coreutils					install
cpio						install
cpp						install
cpp-4.7						install
cpu-checker					install
cpufrequtils					install
crda						install
cron						install
cryptsetup					install
cryptsetup-bin					install
curl						install
dash						install
dbus						install
debconf						install
debconf-i18n					install
debianutils					install
debootstrap					install
diffutils					install
distro-info					install
distro-info-data				install
dmidecode					install
dmsetup						install
dnsmasq-base					install
dnsutils					install
dosfstools					install
dpkg						install
e2fslibs:amd64					install
e2fsprogs					install
ebtables					install
ed						install
eject						install
ethtool						install
euca2ools					install
file						install
findutils					install
fontconfig					install
fontconfig-config				install
fonts-ubuntu-font-family-console		install
friendly-recovery				install
ftp						install
fuse						install
gawk						install
gcc-4.7-base:amd64				install
gconf-service					install
gconf-service-backend				install
gconf2-common					install
geoip-database					install
gettext-base					install
gir1.2-glib-2.0					install
git						install
git-man						install
gnupg						install
google-chrome-stable				install
gpgv						install
grep						install
groff-base					install
grub-common					install
grub-gfxpayload-lists				install
grub-pc						install
grub-pc-bin					install
grub2-common					install
gzip						install
hdparm						install
hicolor-icon-theme				install
hostname					install
i3						install
i3-wm						install
i3lock						install
i3status					install
ifupdown					install
info						install
initramfs-tools					install
initramfs-tools-bin				install
initscripts					install
insserv						install
install-info					install
installation-report				install
iproute						install
iptables					install
iputils-ping					install
iputils-tracepath				install
irqbalance					install
isc-dhcp-client					install
isc-dhcp-common					install
iso-codes					install
kbd						install
keyboard-configuration				install
klibc-utils					install
krb5-locales					install
kvm						install
kvm-ipxe					install
landscape-common				install
language-pack-en				install
language-pack-en-base				install
language-pack-fr				install
language-pack-fr-base				install
language-selector-common			install
laptop-detect					install
laptop-mode-tools				install
less						install
libaccountsservice0				install
libacl1:amd64					install
libaio1:amd64					install
libapparmor1					install
libapt-inst1.5:amd64				install
libapt-pkg4.12:amd64				install
libasn1-8-heimdal:amd64				install
libasound2:amd64				install
libasprintf0c2:amd64				install
libasyncns0:amd64				install
libatk1.0-0:amd64				install
libatk1.0-data					install
libattr1:amd64					install
libaugeas0					install
libavahi-client3:amd64				install
libavahi-common-data:amd64			install
libavahi-common3:amd64				install
libavcodec53:amd64				install
libavutil51:amd64				install
libbind9-80					install
libblkid1:amd64					install
libbluetooth3:amd64				install
libboost-iostreams1.49.0			install
libbrlapi0.5:amd64				install
libbsd0:amd64					install
libbz2-1.0:amd64				install
libc-bin					install
libc6:amd64					install
libcaca0:amd64					install
libcairo2:amd64					install
libcap-ng0					install
libcap2:amd64					install
libcap2-bin					install
libck-connector0:amd64				install
libclass-accessor-perl				install
libclass-isa-perl				install
libcomerr2:amd64				install
libconfuse-common				install
libconfuse0:amd64				install
libcpufreq0					install
libcryptsetup4					install
libcups2:amd64					install
libcurl3:amd64					install
libcurl3-gnutls:amd64				install
libcwidget3					install
libdatrie1:amd64				install
libdb5.1:amd64					install
libdbus-1-3:amd64				install
libdbus-glib-1-2:amd64				install
libdevmapper-event1.02.1:amd64			install
libdevmapper1.02.1:amd64			install
libdns81					install
libdrm-intel1:amd64				install
libdrm-nouveau1a:amd64				install
libdrm-nouveau2:amd64				install
libdrm-radeon1:amd64				install
libdrm2:amd64					install
libedit2:amd64					install
libelf1:amd64					install
libept1.4.12					install
liberror-perl					install
libev4						install
libevent-2.0-5:amd64				install
libexpat1:amd64					install
libffi6:amd64					install
libfile-basedir-perl				install
libfile-desktopentry-perl			install
libfile-mimeinfo-perl				install
libflac8:amd64					install
libfontconfig1:amd64				install
libfontenc1:amd64				install
libfreetype6:amd64				install
libfribidi0:amd64				install
libfs6:amd64					install
libfuse2:amd64					install
libgc1c2					install
libgcc1:amd64					install
libgconf-2-4:amd64				install
libgconf2-4:amd64				install
libgcrypt11:amd64				install
libgdbm3:amd64					install
libgdk-pixbuf2.0-0:amd64			install
libgdk-pixbuf2.0-common				install
libgeoip1:amd64					install
libgirepository-1.0-1				install
libgl1-mesa-dri:amd64				install
libgl1-mesa-glx:amd64				install
libglapi-mesa:amd64				install
libglib2.0-0:amd64				install
libglu1-mesa:amd64				install
libgmp10:amd64					install
libgnome-keyring-common				install
libgnome-keyring0:amd64				install
libgnutls26:amd64				install
libgpg-error0:amd64				install
libgpm2:amd64					install
libgsm1:amd64					install
libgssapi-krb5-2:amd64				install
libgssapi3-heimdal:amd64			install
libgtk2.0-0:amd64				install
libgtk2.0-bin					install
libgtk2.0-common				install
libhcrypto4-heimdal:amd64			install
libheimbase1-heimdal:amd64			install
libheimntlm0-heimdal:amd64			install
libhx509-5-heimdal:amd64			install
libice6:amd64					install
libidn11:amd64					install
libio-pty-perl					install
libio-string-perl				install
libisc83					install
libisccc80					install
libisccfg82					install
libiw30:amd64					install
libjasper1:amd64				install
libjbig0:amd64					install
libjpeg-turbo8:amd64				install
libjpeg8:amd64					install
libjson0:amd64					install
libk5crypto3:amd64				install
libkeyutils1:amd64				install
libklibc					install
libkms1:amd64					install
libkrb5-26-heimdal:amd64			install
libkrb5-3:amd64					install
libkrb5support0:amd64				install
liblcms1:amd64					install
libldap-2.4-2:amd64				install
libllvm3.1:amd64				install
liblocale-gettext-perl				install
liblockfile-bin					install
liblockfile1:amd64				install
liblwres80					install
liblxc0						install
liblzma5:amd64					install
libmagic1:amd64					install
libmount1:amd64					install
libmpc2:amd64					install
libmpfr4:amd64					install
libmtdev1:amd64					install
libncurses5:amd64				install
libncursesw5:amd64				install
libnetcf1					install
libnetfilter-conntrack3:amd64			install
libnewt0.52					install
libnfnetlink0					install
libnih-dbus1:amd64				install
libnih1:amd64					install
libnl-3-200:amd64				install
libnl-genl-3-200:amd64				install
libnl-route-3-200:amd64				install
libnspr4:amd64					install
libnss3:amd64					install
libnss3-1d:amd64				install
libnuma1					install
libogg0:amd64					install
liborc-0.4-0:amd64				install
libp11-kit0:amd64				install
libpam-cap:amd64				install
libpam-ck-connector:amd64			install
libpam-modules:amd64				install
libpam-modules-bin				install
libpam-runtime					install
libpam0g:amd64					install
libpango1.0-0:amd64				install
libparse-debianchangelog-perl			install
libparted0debian1:amd64				install
libpcap0.8:amd64				install
libpci3:amd64					install
libpciaccess0:amd64				install
libpcre3:amd64					install
libpcsclite1:amd64				install
libpipeline1:amd64				install
libpixman-1-0:amd64				install
libplymouth2					install
libpng12-0:amd64				install
libpolkit-agent-1-0:amd64			install
libpolkit-backend-1-0:amd64			install
libpolkit-gobject-1-0:amd64			install
libpopt0:amd64					install
libprocps0:amd64				install
libprotobuf7					install
libpulse0:amd64					install
libpython2.7					install
librados2					install
librbd1						install
libreadline5:amd64				install
libreadline6:amd64				install
libroken18-heimdal:amd64			install
librtmp0:amd64					install
libsasl2-2:amd64				install
libsasl2-modules:amd64				install
libschroedinger-1.0-0:amd64			install
libsdl1.2debian:amd64				install
libseccomp0:amd64				install
libselinux1:amd64				install
libsigc++-2.0-0c2a:amd64			install
libsigsegv2					install
libslang2:amd64					install
libsm6:amd64					install
libsndfile1:amd64				install
libspeex1:amd64					install
libsqlite3-0:amd64				install
libss2:amd64					install
libssl1.0.0:amd64				install
libstartup-notification0:amd64			install
libstdc++6:amd64				install
libsub-name-perl				install
libswitch-perl					install
libswscale2:amd64				install
libtasn1-3:amd64				install
libtext-charwidth-perl				install
libtext-iconv-perl				install
libtext-wrapi18n-perl				install
libthai-data					install
libthai0:amd64					install
libtheora0:amd64				install
libtiff5:amd64					install
libtimedate-perl				install
libtinfo5:amd64					install
libtxc-dxtn-s2tc0:amd64				install
libudev0:amd64					install
libusb-0.1-4:amd64				install
libusb-1.0-0:amd64				install
libutempter0					install
libuuid1:amd64					install
libva1:amd64					install
libvirt-bin					install
libvirt0					install
libvorbis0a:amd64				install
libvorbisenc2:amd64				install
libvpx1:amd64					install
libwhoopsie0					install
libwind0-heimdal:amd64				install
libwrap0:amd64					install
libx11-6:amd64					install
libx11-data					install
libx11-xcb1:amd64				install
libx264-123:amd64				install
libx86-1:amd64					install
libxapian22					install
libxatracker1:amd64				install
libxau6:amd64					install
libxaw7:amd64					install
libxcb-dpms0:amd64				install
libxcb-dri2-0:amd64				install
libxcb-glx0:amd64				install
libxcb-icccm4:amd64				install
libxcb-image0:amd64				install
libxcb-keysyms1:amd64				install
libxcb-randr0:amd64				install
libxcb-render0:amd64				install
libxcb-shape0:amd64				install
libxcb-shm0:amd64				install
libxcb-util0:amd64				install
libxcb-xinerama0:amd64				install
libxcb1:amd64					install
libxcomposite1:amd64				install
libxcursor1:amd64				install
libxdamage1:amd64				install
libxdmcp6:amd64					install
libxenstore3.0					install
libxext6:amd64					install
libxfixes3:amd64				install
libxfont1					install
libxft2:amd64					install
libxi6:amd64					install
libxinerama1:amd64				install
libxkbfile1:amd64				install
libxml2:amd64					install
libxml2-utils					install
libxmu6:amd64					install
libxmuu1:amd64					install
libxpm4:amd64					install
libxrandr2:amd64				install
libxrender1:amd64				install
libxslt1.1:amd64				install
libxss1:amd64					install
libxt6:amd64					install
libxtst6:amd64					install
libxv1:amd64					install
libxvmc1					install
libxxf86dga1:amd64				install
libxxf86vm1:amd64				install
libyajl2					install
libyaml-0-2:amd64				install
linux-firmware					install
linux-generic					install
linux-headers-3.5.0-21				install
linux-headers-3.5.0-21-generic			install
linux-headers-generic				install
linux-image-3.5.0-17-generic			install
linux-image-3.5.0-21-generic			install
linux-image-extra-3.5.0-17-generic		install
linux-image-extra-3.5.0-21-generic		install
linux-image-generic				install
locales						install
lockfile-progs					install
login						install
logrotate					install
lsb-base					install
lsb-release					install
lshw						install
lsof						install
ltrace						install
lvm2						install
lxc						install
makedev						install
man-db						install
manpages					install
mawk						install
memtest86+					install
mime-support					install
mlocate						install
module-init-tools				install
mosh						install
mount						install
mountall					install
msr-tools					install
mtr-tiny					install
multiarch-support				install
nano						install
ncurses-base					install
ncurses-bin					install
ncurses-term					install
net-tools					install
netbase						install
netcat-openbsd					install
nmon						install
ntfs-3g						install
ntpdate						install
openssh-client					install
openssh-server					install
openssl						install
os-prober					install
parted						install
passwd						install
patch						install
pciutils					install
perl						install
perl-base					install
perl-modules					install
plymouth					install
plymouth-theme-ubuntu-text			install
pm-utils					install
policykit-1					install
popularity-contest				install
powermgmt-base					install
powertop					install
ppp						install
pppconfig					install
pppoeconf					install
procps						install
psmisc						install
python						install
python-apt					install
python-apt-common				install
python-boto					install
python-cairo					install
python-chardet					install
python-crypto					install
python-dbus					install
python-dbus-dev					install
python-debian					install
python-distro-info				install
python-gdbm					install
python-gnupginterface				install
python-gobject-2				install
python-gtk2					install
python-imaging					install
python-m2crypto					install
python-minimal					install
python-newt					install
python-openssl					install
python-pam					install
python-paramiko					install
python-pkg-resources				install
python-serial					install
python-six					install
python-twisted-bin				install
python-twisted-core				install
python-wimpiggy					install
python-xapian					install
python-yaml					install
python-zope.interface				install
python2.7					install
python2.7-minimal				install
python3						install
python3-apport					install
python3-apt					install
python3-dbus					install
python3-distupgrade				install
python3-gdbm					install
python3-gi					install
python3-minimal					install
python3-problem-report				install
python3-update-manager				install
python3.2					install
python3.2-minimal				install
qemu-common					install
qemu-kvm					install
qemu-utils					install
radeontool					install
readline-common					install
resolvconf					install
rsync						install
rsyslog						install
screen						install
sdparm						install
seabios						install
sed						install
sensible-utils					install
sgml-base					install
shared-mime-info				install
ssh-import-id					install
strace						install
suckless-tools					install
sudo						install
sysv-rc						install
sysvinit-utils					install
tar						install
tasksel						install
tasksel-data					install
tcpd						install
tcpdump						install
telnet						install
time						install
tmux						install
toshset						install
ttf-dejavu-core					install
tzdata						install
ubuntu-keyring					install
ubuntu-minimal					install
ubuntu-release-upgrader-core			install
ubuntu-standard					install
ubuntu-virt-server				install
ucf						install
udev						install
ufw						install
unattended-upgrades				install
update-manager-core				install
update-notifier-common				install
upstart						install
ureadahead					install
usbutils					install
util-linux					install
uuid-runtime					install
vbetool						install
vgabios						install
vim						install
vim-common					install
vim-runtime					install
vim-tiny					install
w3m						install
watershed					install
wget						install
whiptail					install
whoopsie					install
wireless-regdb					install
wireless-tools					install
wpasupplicant					install
x11-apps					install
x11-common					install
x11-session-utils				install
x11-utils					install
x11-xfs-utils					install
x11-xkb-utils					install
x11-xserver-utils				install
xauth						install
xbitmaps					install
xdg-utils					install
xfonts-base					install
xfonts-encodings				install
xfonts-scalable					install
xfonts-utils					install
xinit						install
xinput						install
xkb-data					install
xml-core					install
xorg						install
xorg-docs-core					install
xpra						install
xserver-common					install
xserver-xorg					install
xserver-xorg-core				install
xserver-xorg-input-all				install
xserver-xorg-input-evdev			install
xserver-xorg-input-mouse			install
xserver-xorg-input-synaptics			install
xserver-xorg-input-vmmouse			install
xserver-xorg-input-wacom			install
xserver-xorg-video-all				install
xserver-xorg-video-ati				install
xserver-xorg-video-cirrus			install
xserver-xorg-video-dummy			install
xserver-xorg-video-fbdev			install
xserver-xorg-video-intel			install
xserver-xorg-video-mach64			install
xserver-xorg-video-mga				install
xserver-xorg-video-modesetting			install
xserver-xorg-video-neomagic			install
xserver-xorg-video-nouveau			install
xserver-xorg-video-openchrome			install
xserver-xorg-video-qxl				install
xserver-xorg-video-r128				install
xserver-xorg-video-radeon			install
xserver-xorg-video-s3				install
xserver-xorg-video-savage			install
xserver-xorg-video-siliconmotion		install
xserver-xorg-video-sis				install
xserver-xorg-video-sisusb			install
xserver-xorg-video-tdfx				install
xserver-xorg-video-trident			install
xserver-xorg-video-vesa				install
xserver-xorg-video-vmware			install
xterm						install
xvfb						install
xz-utils					install
zlib1g:amd64					install
